ziyijinfu/app/build/outputs/logs/manifest-merger-al-debug-report.txt
-- Merging decision tree log ---
manifest
ADDED from src\main\AndroidManifest.xml:2:1-484:12
	package
		ADDED from src\main\AndroidManifest.xml:4:5-38
		INJECTED from src\main\AndroidManifest.xml
		INJECTED from src\main\AndroidManifest.xml
	android:versionName
		ADDED from src\main\AndroidManifest.xml:6:5-30
		INJECTED from src\main\AndroidManifest.xml
		INJECTED from src\main\AndroidManifest.xml
	xmlns:tools
		ADDED from src\main\AndroidManifest.xml:3:5-51
	android:versionCode
		ADDED from src\main\AndroidManifest.xml:5:5-28
		INJECTED from src\main\AndroidManifest.xml
		INJECTED from src\main\AndroidManifest.xml
	xmlns:android
		ADDED from src\main\AndroidManifest.xml:2:11-69
uses-sdk
ADDED from src\main\AndroidManifest.xml:8:5-77
MERGED from [cn.sharesdk:ShareSDK:3.6.0] AndroidManifest.xml:7:5-9:41
MERGED from [cn.sharesdk:OneKeyShare:3.6.0] AndroidManifest.xml:7:5-9:41
MERGED from [ziyijinfu:Foundations:unspecified] AndroidManifest.xml:8:5-10:41
MERGED from [com.orhanobut:logger:1.11] AndroidManifest.xml:8:5-10:41
MERGED from [com.avast:android-styled-dialogs:2.2.0] AndroidManifest.xml:8:5-10:41
MERGED from [com.github.johnpersano:supertoasts:1.3.4] AndroidManifest.xml:3:5-72
MERGED from [com.astuetz:pagerslidingtabstrip:1.0.1] AndroidManifest.xml:2:5-72
MERGED from [com.github.rahatarmanahmed:circularprogressview:2.3.2] AndroidManifest.xml:7:5-9:41
MERGED from [me.relex:circleindicator:1.1.5] AndroidManifest.xml:8:5-10:41
MERGED from [se.emilsjolander:stickylistheaders:2.7.0] AndroidManifest.xml:7:5-9:41
MERGED from [com.facebook.fresco:fresco:0.12.0] AndroidManifest.xml:5:5-7:41
MERGED from [com.facebook.fresco:drawee:0.12.0] AndroidManifest.xml:5:5-7:41
MERGED from [com.facebook.fresco:imagepipeline:0.12.0] AndroidManifest.xml:5:5-7:41
MERGED from [com.facebook.fresco:imagepipeline-base:0.12.0] AndroidManifest.xml:5:5-7:41
MERGED from [com.facebook.fresco:fbcore:0.12.0] AndroidManifest.xml:5:5-7:41
MERGED from [ziyijinfu:banner:unspecified] AndroidManifest.xml:5:5-7:41
MERGED from [ziyijinfu:passwordInputLayout:unspecified] AndroidManifest.xml:6:5-8:41
MERGED from [com.android.support:design:26.0.1] AndroidManifest.xml:21:5-23:62
MERGED from [com.android.support:transition:26.0.1] AndroidManifest.xml:20:5-44
MERGED from [com.android.support:support-v13:26.0.1] AndroidManifest.xml:21:5-23:55
MERGED from [com.android.support:multidex:1.0.1] AndroidManifest.xml:18:5-42
MERGED from [com.lester:scolltextview:1.0.0] AndroidManifest.xml:7:5-9:41
MERGED from [com.mcxiaoke.xbus:bus:1.0.2] AndroidManifest.xml:5:5-7:41
MERGED from [com.afollestad.material-dialogs:core:0.8.6.2] AndroidManifest.xml:8:5-11:75
MERGED from [me.zhanghai.android.materialprogressbar:library:1.1.7] AndroidManifest.xml:12:5-14:41
MERGED from [com.android.support:appcompat-v7:26.0.1] AndroidManifest.xml:21:5-23:78
MERGED from [com.android.support:animated-vector-drawable:26.0.1] AndroidManifest.xml:20:5-44
MERGED from [com.android.support:support-vector-drawable:26.0.1] AndroidManifest.xml:20:5-44
MERGED from [io.reactivex:rxandroid:1.1.0] AndroidManifest.xml:19:5-43
MERGED from [com.getui:sdk:2.12.3.0] AndroidManifest.xml:7:5-9:41
MERGED from [com.zhy:base-adapter:3.0.3] AndroidManifest.xml:7:5-9:41
MERGED from [com.android.support:recyclerview-v7:26.0.1] AndroidManifest.xml:20:5-44
MERGED from [com.scwang.smartrefresh:SmartRefreshLayout:1.0.3] AndroidManifest.xml:7:5-9:41
MERGED from [com.scwang.smartrefresh:SmartRefreshHeader:1.0.3] AndroidManifest.xml:7:5-9:41
MERGED from [com.github.chrisbanes:PhotoView:2.0.0] AndroidManifest.xml:8:5-10:41
MERGED from [com.android.support.constraint:constraint-layout:1.0.2] AndroidManifest.xml:5:5-7:41
MERGED from [me.codeboy.android:align-text-view:2.3.0] AndroidManifest.xml:8:5-10:41
MERGED from [com.github.bumptech.glide:okhttp3-integration:1.4.0] AndroidManifest.xml:7:5-9:41
MERGED from [com.tencent.bugly:crashreport:3.0.0] AndroidManifest.xml:5:5-7:41
MERGED from [com.tencent.bugly:nativecrashreport:3.7.1] AndroidManifest.xml:5:5-7:41
MERGED from [net.yslibrary.keyboardvisibilityevent:keyboardvisibilityevent:2.1.0] AndroidManifest.xml:8:5-10:41
MERGED from [com.android.databinding:adapters:1.3.1] AndroidManifest.xml:22:5-24:41
MERGED from [com.android.databinding:library:1.3.1] AndroidManifest.xml:22:5-24:41
MERGED from [com.android.support:support-v4:26.0.1] AndroidManifest.xml:21:5-23:54
MERGED from [com.android.support:support-media-compat:26.0.1] AndroidManifest.xml:21:5-23:63
MERGED from [com.android.support:support-fragment:26.0.1] AndroidManifest.xml:21:5-23:60
MERGED from [com.android.support:support-core-ui:26.0.1] AndroidManifest.xml:21:5-23:58
MERGED from [com.android.support:support-core-utils:26.0.1] AndroidManifest.xml:21:5-23:61
MERGED from [com.android.support:support-compat:26.0.1] AndroidManifest.xml:21:5-23:58
	tools:overrideLibrary
		ADDED from src\main\AndroidManifest.xml:8:15-74
	android:targetSdkVersion
		INJECTED from src\main\AndroidManifest.xml
		INJECTED from src\main\AndroidManifest.xml
	android:minSdkVersion
		INJECTED from src\main\AndroidManifest.xml
		INJECTED from src\main\AndroidManifest.xml
uses-permission#android.permission.INTERNET
ADDED from src\main\AndroidManifest.xml:21:5-67
MERGED from [ziyijinfu:Foundations:unspecified] AndroidManifest.xml:26:5-67
MERGED from [com.getui:sdk:2.12.3.0] AndroidManifest.xml:11:5-67
	android:name
		ADDED from src\main\AndroidManifest.xml:21:22-64
uses-permission#android.permission.WRITE_EXTERNAL_STORAGE
ADDED from src\main\AndroidManifest.xml:22:5-81
MERGED from [ziyijinfu:Foundations:unspecified] AndroidManifest.xml:29:5-81
MERGED from [com.getui:sdk:2.12.3.0] AndroidManifest.xml:18:5-81
	android:name
		ADDED from src\main\AndroidManifest.xml:22:22-78
uses-permission#android.permission.READ_SMS
ADDED from src\main\AndroidManifest.xml:23:5-67
	android:name
		ADDED from src\main\AndroidManifest.xml:23:22-64
uses-permission#android.permission.CALL_PHONE
ADDED from src\main\AndroidManifest.xml:24:5-69
	android:name
		ADDED from src\main\AndroidManifest.xml:24:22-66
uses-permission#android.permission.ACCESS_NETWORK_STATE
ADDED from src\main\AndroidManifest.xml:25:5-79
MERGED from [ziyijinfu:Foundations:unspecified] AndroidManifest.xml:27:5-79
MERGED from [com.getui:sdk:2.12.3.0] AndroidManifest.xml:13:5-79
	android:name
		ADDED from src\main\AndroidManifest.xml:25:22-76
uses-permission#android.permission.MOUNT_UNMOUNT_FILESYSTEMS
ADDED from src\main\AndroidManifest.xml:26:5-84
MERGED from [ziyijinfu:Foundations:unspecified] AndroidManifest.xml:30:5-84
	android:name
		ADDED from src\main\AndroidManifest.xml:26:22-81
uses-permission#android.permission.READ_EXTERNAL_STORAGE
ADDED from src\main\AndroidManifest.xml:27:5-80
MERGED from [ziyijinfu:Foundations:unspecified] AndroidManifest.xml:19:5-80
	android:name
		ADDED from src\main\AndroidManifest.xml:27:22-77
uses-permission#android.permission.GET_TASKS
ADDED from src\main\AndroidManifest.xml:28:5-68
MERGED from [com.getui:sdk:2.12.3.0] AndroidManifest.xml:20:5-68
	android:name
		ADDED from src\main\AndroidManifest.xml:28:22-65
uses-permission#android.permission.ACCESS_WIFI_STATE
ADDED from src\main\AndroidManifest.xml:29:5-76
MERGED from [ziyijinfu:Foundations:unspecified] AndroidManifest.xml:31:5-76
MERGED from [com.getui:sdk:2.12.3.0] AndroidManifest.xml:15:5-76
	android:name
		ADDED from src\main\AndroidManifest.xml:29:22-73
uses-permission#android.permission.CHANGE_WIFI_STATE
ADDED from src\main\AndroidManifest.xml:30:5-76
MERGED from [ziyijinfu:Foundations:unspecified] AndroidManifest.xml:32:5-76
MERGED from [com.getui:sdk:2.12.3.0] AndroidManifest.xml:14:5-76
	android:name
		ADDED from src\main\AndroidManifest.xml:30:22-73
uses-permission#android.permission.READ_PHONE_STATE
ADDED from src\main\AndroidManifest.xml:31:5-75
MERGED from [ziyijinfu:Foundations:unspecified] AndroidManifest.xml:25:5-75
MERGED from [com.getui:sdk:2.12.3.0] AndroidManifest.xml:12:5-75
	android:name
		ADDED from src\main\AndroidManifest.xml:31:22-72
uses-permission#android.permission.MANAGE_ACCOUNTS
ADDED from src\main\AndroidManifest.xml:32:5-74
	android:name
		ADDED from src\main\AndroidManifest.xml:32:22-71
uses-permission#android.permission.GET_ACCOUNTS
ADDED from src\main\AndroidManifest.xml:33:5-71
	android:name
		ADDED from src\main\AndroidManifest.xml:33:22-68
uses-permission#android.permission.READ_LOGS
ADDED from src\main\AndroidManifest.xml:34:5-68
	android:name
		ADDED from src\main\AndroidManifest.xml:34:22-65
uses-permission#android.permission.BLUETOOTH
ADDED from src\main\AndroidManifest.xml:37:5-68
	android:name
		ADDED from src\main\AndroidManifest.xml:37:22-65
uses-permission#android.permission.BLUETOOTH_ADMIN
ADDED from src\main\AndroidManifest.xml:38:5-74
	android:name
		ADDED from src\main\AndroidManifest.xml:38:22-71
uses-permission#xvtian.gai.receiver
ADDED from src\main\AndroidManifest.xml:39:5-59
	android:name
		ADDED from src\main\AndroidManifest.xml:39:22-56
uses-permission#android.permission.SYSTEM_ALERT_WINDOW
ADDED from src\main\AndroidManifest.xml:40:5-78
MERGED from [ziyijinfu:Foundations:unspecified] AndroidManifest.xml:20:5-78
MERGED from [com.getui:sdk:2.12.3.0] AndroidManifest.xml:23:5-78
	android:name
		ADDED from src\main\AndroidManifest.xml:40:22-75
uses-permission#android.permission.SYSTEM_OVERLAY_WINDOW
ADDED from src\main\AndroidManifest.xml:41:5-80
	android:name
		ADDED from src\main\AndroidManifest.xml:41:22-77
application
ADDED from src\main\AndroidManifest.xml:43:5-482:19
MERGED from [ziyijinfu:Foundations:unspecified] AndroidManifest.xml:41:5-44:19
MERGED from [com.github.johnpersano:supertoasts:1.3.4] AndroidManifest.xml:5:5-19
MERGED from [com.astuetz:pagerslidingtabstrip:1.0.1] AndroidManifest.xml:4:5-19
MERGED from [com.android.support:design:26.0.1] AndroidManifest.xml:25:5-29:19
MERGED from [com.android.support:transition:26.0.1] AndroidManifest.xml:22:5-26:19
MERGED from [com.android.support:support-v13:26.0.1] AndroidManifest.xml:25:5-29:19
MERGED from [com.lester:scolltextview:1.0.0] AndroidManifest.xml:11:5-15:19
MERGED from [com.mcxiaoke.xbus:bus:1.0.2] AndroidManifest.xml:9:5-20
MERGED from [com.afollestad.material-dialogs:core:0.8.6.2] AndroidManifest.xml:13:5-20
MERGED from [com.android.support:appcompat-v7:26.0.1] AndroidManifest.xml:25:5-29:19
MERGED from [com.android.support:animated-vector-drawable:26.0.1] AndroidManifest.xml:22:5-26:19
MERGED from [com.android.support:support-vector-drawable:26.0.1] AndroidManifest.xml:22:5-26:19
MERGED from [com.getui:sdk:2.12.3.0] AndroidManifest.xml:32:5-82:19
MERGED from [com.android.support:recyclerview-v7:26.0.1] AndroidManifest.xml:22:5-26:19
MERGED from [com.scwang.smartrefresh:SmartRefreshLayout:1.0.3] AndroidManifest.xml:11:5-15:19
MERGED from [com.scwang.smartrefresh:SmartRefreshHeader:1.0.3] AndroidManifest.xml:11:5-15:19
MERGED from [com.android.support.constraint:constraint-layout:1.0.2] AndroidManifest.xml:9:5-20
MERGED from [com.github.bumptech.glide:okhttp3-integration:1.4.0] AndroidManifest.xml:11:5-15:19
MERGED from [com.android.support:support-v4:26.0.1] AndroidManifest.xml:25:5-29:19
MERGED from [com.android.support:support-media-compat:26.0.1] AndroidManifest.xml:25:5-29:19
MERGED from [com.android.support:support-fragment:26.0.1] AndroidManifest.xml:25:5-29:19
MERGED from [com.android.support:support-core-ui:26.0.1] AndroidManifest.xml:25:5-29:19
MERGED from [com.android.support:support-core-utils:26.0.1] AndroidManifest.xml:25:5-29:19
MERGED from [com.android.support:support-compat:26.0.1] AndroidManifest.xml:25:5-29:19
	android:screenOrientation
		ADDED from src\main\AndroidManifest.xml:50:9-45
	android:label
		ADDED from src\main\AndroidManifest.xml:49:9-41
	android:supportsRtl
		ADDED from src\main\AndroidManifest.xml:51:9-35
	android:hardwareAccelerated
		ADDED from src\main\AndroidManifest.xml:47:9-43
	android:configChanges
		ADDED from src\main\AndroidManifest.xml:46:9-79
	android:allowBackup
		ADDED from src\main\AndroidManifest.xml:45:9-35
	android:icon
		ADDED from src\main\AndroidManifest.xml:48:9-47
	android:theme
		ADDED from src\main\AndroidManifest.xml:52:9-40
	tools:replace
		ADDED from src\main\AndroidManifest.xml:53:9-37
	android:name
		ADDED from src\main\AndroidManifest.xml:44:9-64
activity#finan.heng.com.apps.MainActivity
ADDED from src\main\AndroidManifest.xml:54:9-57:52
	android:screenOrientation
		ADDED from src\main\AndroidManifest.xml:57:13-49
	android:launchMode
		ADDED from src\main\AndroidManifest.xml:56:13-44
	android:name
		ADDED from src\main\AndroidManifest.xml:55:13-60
activity#finan.heng.com.apps.app.home.activity.RiskEvaluationActivity
ADDED from src\main\AndroidManifest.xml:58:9-60:52
	android:screenOrientation
		ADDED from src\main\AndroidManifest.xml:60:13-49
	android:name
		ADDED from src\main\AndroidManifest.xml:59:13-88
activity#finan.heng.com.apps.app.home.activity.EvaluationSuccessActivity
ADDED from src\main\AndroidManifest.xml:61:9-63:52
	android:screenOrientation
		ADDED from src\main\AndroidManifest.xml:63:13-49
	android:name
		ADDED from src\main\AndroidManifest.xml:62:13-91
activity#finan.heng.com.apps.app.home.activity.TouziActivity
ADDED from src\main\AndroidManifest.xml:65:9-70:58
	android:screenOrientation
		ADDED from src\main\AndroidManifest.xml:68:13-49
	android:label
		ADDED from src\main\AndroidManifest.xml:67:13-33
	android:windowSoftInputMode
		ADDED from src\main\AndroidManifest.xml:70:13-55
	android:theme
		ADDED from src\main\AndroidManifest.xml:69:13-44
	android:name
		ADDED from src\main\AndroidManifest.xml:66:13-79
activity#finan.heng.com.apps.WelcomeActivity
ADDED from src\main\AndroidManifest.xml:72:9-81:20
	android:screenOrientation
		ADDED from src\main\AndroidManifest.xml:74:13-49
	android:theme
		ADDED from src\main\AndroidManifest.xml:75:13-47
	android:name
		ADDED from src\main\AndroidManifest.xml:73:13-63
intent-filter#android.intent.action.MAIN+android.intent.category.LAUNCHER
ADDED from src\main\AndroidManifest.xml:76:13-80:29
action#android.intent.action.MAIN
ADDED from src\main\AndroidManifest.xml:77:17-69
	android:name
		ADDED from src\main\AndroidManifest.xml:77:25-66
category#android.intent.category.LAUNCHER
ADDED from src\main\AndroidManifest.xml:79:17-77
	android:name
		ADDED from src\main\AndroidManifest.xml:79:27-74
activity#finan.heng.com.apps.app.ui.activity.ActivityAdActivity
ADDED from src\main\AndroidManifest.xml:82:9-88:55
	android:screenOrientation
		ADDED from src\main\AndroidManifest.xml:86:13-49
	android:label
		ADDED from src\main\AndroidManifest.xml:85:13-43
	android:windowSoftInputMode
		ADDED from src\main\AndroidManifest.xml:88:13-52
	android:configChanges
		ADDED from src\main\AndroidManifest.xml:84:13-83
	android:theme
		ADDED from src\main\AndroidManifest.xml:87:13-47
	android:name
		ADDED from src\main\AndroidManifest.xml:83:13-82
activity#finan.heng.com.apps.app.my.activity.CardActivity
ADDED from src\main\AndroidManifest.xml:89:9-95:55
	android:screenOrientation
		ADDED from src\main\AndroidManifest.xml:93:13-49
	android:label
		ADDED from src\main\AndroidManifest.xml:92:13-31
	android:windowSoftInputMode
		ADDED from src\main\AndroidManifest.xml:95:13-52
	android:configChanges
		ADDED from src\main\AndroidManifest.xml:91:13-83
	android:theme
		ADDED from src\main\AndroidManifest.xml:94:13-44
	android:name
		ADDED from src\main\AndroidManifest.xml:90:13-76
activity#finan.heng.com.apps.app.home.activity.TouziSuccessActivity
ADDED from src\main\AndroidManifest.xml:98:9-104:55
	android:screenOrientation
		ADDED from src\main\AndroidManifest.xml:102:13-49
	android:label
		ADDED from src\main\AndroidManifest.xml:101:13-33
	android:windowSoftInputMode
		ADDED from src\main\AndroidManifest.xml:104:13-52
	android:configChanges
		ADDED from src\main\AndroidManifest.xml:100:13-83
	android:theme
		ADDED from src\main\AndroidManifest.xml:103:13-44
	android:name
		ADDED from src\main\AndroidManifest.xml:99:13-86
activity#finan.heng.com.apps.app.home.activity.ShiMingRenZhengActivity
ADDED from src\main\AndroidManifest.xml:106:9-112:55
	android:screenOrientation
		ADDED from src\main\AndroidManifest.xml:110:13-49
	android:label
		ADDED from src\main\AndroidManifest.xml:109:13-33
	android:windowSoftInputMode
		ADDED from src\main\AndroidManifest.xml:112:13-52
	android:configChanges
		ADDED from src\main\AndroidManifest.xml:108:13-83
	android:theme
		ADDED from src\main\AndroidManifest.xml:111:13-44
	android:name
		ADDED from src\main\AndroidManifest.xml:107:13-89
activity#finan.heng.com.apps.app.my.activity.JiaoYiJiLuActivity
ADDED from src\main\AndroidManifest.xml:114:9-120:55
	android:screenOrientation
		ADDED from src\main\AndroidManifest.xml:118:13-49
	android:label
		ADDED from src\main\AndroidManifest.xml:117:13-33
	android:windowSoftInputMode
		ADDED from src\main\AndroidManifest.xml:120:13-52
	android:configChanges
		ADDED from src\main\AndroidManifest.xml:116:13-83
	android:theme
		ADDED from src\main\AndroidManifest.xml:119:13-44
	android:name
		ADDED from src\main\AndroidManifest.xml:115:13-82
activity#finan.heng.com.apps.app.my.activity.ChongZhiOrTiXianActivity
ADDED from src\main\AndroidManifest.xml:122:9-128:55
	android:screenOrientation
		ADDED from src\main\AndroidManifest.xml:126:13-49
	android:label
		ADDED from src\main\AndroidManifest.xml:125:13-31
	android:windowSoftInputMode
		ADDED from src\main\AndroidManifest.xml:128:13-52
	android:configChanges
		ADDED from src\main\AndroidManifest.xml:124:13-83
	android:theme
		ADDED from src\main\AndroidManifest.xml:127:13-44
	android:name
		ADDED from src\main\AndroidManifest.xml:123:13-88
activity#finan.heng.com.apps.app.ui.activity.WithDrawResultActivity
ADDED from src\main\AndroidManifest.xml:130:9-136:55
	android:screenOrientation
		ADDED from src\main\AndroidManifest.xml:134:13-49
	android:label
		ADDED from src\main\AndroidManifest.xml:133:13-33
	android:windowSoftInputMode
		ADDED from src\main\AndroidManifest.xml:136:13-52
	android:configChanges
		ADDED from src\main\AndroidManifest.xml:132:13-83
	android:theme
		ADDED from src\main\AndroidManifest.xml:135:13-44
	android:name
		ADDED from src\main\AndroidManifest.xml:131:13-86
activity#finan.heng.com.apps.app.my.activity.TouZiJiLuActivity
ADDED from src\main\AndroidManifest.xml:138:9-144:55
	android:screenOrientation
		ADDED from src\main\AndroidManifest.xml:142:13-49
	android:label
		ADDED from src\main\AndroidManifest.xml:141:13-33
	android:windowSoftInputMode
		ADDED from src\main\AndroidManifest.xml:144:13-52
	android:configChanges
		ADDED from src\main\AndroidManifest.xml:140:13-83
	android:theme
		ADDED from src\main\AndroidManifest.xml:143:13-44
	android:name
		ADDED from src\main\AndroidManifest.xml:139:13-81
activity#finan.heng.com.apps.app.my.activity.YouHuiQuanActivity
ADDED from src\main\AndroidManifest.xml:146:9-152:55
	android:screenOrientation
		ADDED from src\main\AndroidManifest.xml:150:13-49
	android:label
		ADDED from src\main\AndroidManifest.xml:149:13-32
	android:windowSoftInputMode
		ADDED from src\main\AndroidManifest.xml:152:13-52
	android:configChanges
		ADDED from src\main\AndroidManifest.xml:148:13-83
	android:theme
		ADDED from src\main\AndroidManifest.xml:151:13-44
	android:name
		ADDED from src\main\AndroidManifest.xml:147:13-82
activity#finan.heng.com.apps.app.my.activity.MessageCenterActivity
ADDED from src\main\AndroidManifest.xml:154:9-160:55
	android:screenOrientation
		ADDED from src\main\AndroidManifest.xml:158:13-49
	android:label
		ADDED from src\main\AndroidManifest.xml:157:13-33
	android:windowSoftInputMode
		ADDED from src\main\AndroidManifest.xml:160:13-52
	android:configChanges
		ADDED from src\main\AndroidManifest.xml:156:13-83
	android:theme
		ADDED from src\main\AndroidManifest.xml:159:13-44
	android:name
		ADDED from src\main\AndroidManifest.xml:155:13-85
activity#finan.heng.com.apps.app.my.activity.GongGaoDetailActivity
ADDED from src\main\AndroidManifest.xml:162:9-168:55
	android:screenOrientation
		ADDED from src\main\AndroidManifest.xml:166:13-49
	android:label
		ADDED from src\main\AndroidManifest.xml:165:13-33
	android:windowSoftInputMode
		ADDED from src\main\AndroidManifest.xml:168:13-52
	android:configChanges
		ADDED from src\main\AndroidManifest.xml:164:13-83
	android:theme
		ADDED from src\main\AndroidManifest.xml:167:13-44
	android:name
		ADDED from src\main\AndroidManifest.xml:163:13-85
activity#finan.heng.com.apps.app.my.activity.SettingActivity
ADDED from src\main\AndroidManifest.xml:170:9-176:55
	android:screenOrientation
		ADDED from src\main\AndroidManifest.xml:174:13-49
	android:label
		ADDED from src\main\AndroidManifest.xml:173:13-33
	android:windowSoftInputMode
		ADDED from src\main\AndroidManifest.xml:176:13-52
	android:configChanges
		ADDED from src\main\AndroidManifest.xml:172:13-83
	android:theme
		ADDED from src\main\AndroidManifest.xml:175:13-44
	android:name
		ADDED from src\main\AndroidManifest.xml:171:13-79
activity#finan.heng.com.apps.app.home.activity.ShiMingPassActivity
ADDED from src\main\AndroidManifest.xml:178:9-184:55
	android:screenOrientation
		ADDED from src\main\AndroidManifest.xml:182:13-49
	android:label
		ADDED from src\main\AndroidManifest.xml:181:13-35
	android:windowSoftInputMode
		ADDED from src\main\AndroidManifest.xml:184:13-52
	android:configChanges
		ADDED from src\main\AndroidManifest.xml:180:13-83
	android:theme
		ADDED from src\main\AndroidManifest.xml:183:13-44
	android:name
		ADDED from src\main\AndroidManifest.xml:179:13-85
activity#finan.heng.com.apps.app.home.activity.MyBankCardActivity
ADDED from src\main\AndroidManifest.xml:186:9-192:55
	android:screenOrientation
		ADDED from src\main\AndroidManifest.xml:190:13-49
	android:label
		ADDED from src\main\AndroidManifest.xml:189:13-34
	android:windowSoftInputMode
		ADDED from src\main\AndroidManifest.xml:192:13-52
	android:configChanges
		ADDED from src\main\AndroidManifest.xml:188:13-83
	android:theme
		ADDED from src\main\AndroidManifest.xml:191:13-44
	android:name
		ADDED from src\main\AndroidManifest.xml:187:13-84
activity#finan.heng.com.apps.app.my.activity.BankListActivity
ADDED from src\main\AndroidManifest.xml:194:9-200:55
	android:screenOrientation
		ADDED from src\main\AndroidManifest.xml:198:13-49
	android:label
		ADDED from src\main\AndroidManifest.xml:197:13-36
	android:windowSoftInputMode
		ADDED from src\main\AndroidManifest.xml:200:13-52
	android:configChanges
		ADDED from src\main\AndroidManifest.xml:196:13-83
	android:theme
		ADDED from src\main\AndroidManifest.xml:199:13-44
	android:name
		ADDED from src\main\AndroidManifest.xml:195:13-80
activity#finan.heng.com.apps.app.home.activity.ReviseLoginMimaActivity
ADDED from src\main\AndroidManifest.xml:202:9-208:55
	android:screenOrientation
		ADDED from src\main\AndroidManifest.xml:206:13-49
	android:label
		ADDED from src\main\AndroidManifest.xml:205:13-35
	android:windowSoftInputMode
		ADDED from src\main\AndroidManifest.xml:208:13-52
	android:configChanges
		ADDED from src\main\AndroidManifest.xml:204:13-83
	android:theme
		ADDED from src\main\AndroidManifest.xml:207:13-44
	android:name
		ADDED from src\main\AndroidManifest.xml:203:13-89
activity#finan.heng.com.apps.app.home.activity.ReviseJiaoYiMimaActivity
ADDED from src\main\AndroidManifest.xml:210:9-216:55
	android:screenOrientation
		ADDED from src\main\AndroidManifest.xml:214:13-49
	android:label
		ADDED from src\main\AndroidManifest.xml:213:13-35
	android:windowSoftInputMode
		ADDED from src\main\AndroidManifest.xml:216:13-52
	android:configChanges
		ADDED from src\main\AndroidManifest.xml:212:13-83
	android:theme
		ADDED from src\main\AndroidManifest.xml:215:13-44
	android:name
		ADDED from src\main\AndroidManifest.xml:211:13-90
activity#finan.heng.com.apps.app.home.activity.FindJiaoYiMimaActivity
ADDED from src\main\AndroidManifest.xml:218:9-224:55
	android:screenOrientation
		ADDED from src\main\AndroidManifest.xml:222:13-49
	android:label
		ADDED from src\main\AndroidManifest.xml:221:13-35
	android:windowSoftInputMode
		ADDED from src\main\AndroidManifest.xml:224:13-52
	android:configChanges
		ADDED from src\main\AndroidManifest.xml:220:13-83
	android:theme
		ADDED from src\main\AndroidManifest.xml:223:13-44
	android:name
		ADDED from src\main\AndroidManifest.xml:219:13-88
activity#finan.heng.com.apps.app.home.activity.SetJiaoYiMimaActivity
ADDED from src\main\AndroidManifest.xml:226:9-232:55
	android:screenOrientation
		ADDED from src\main\AndroidManifest.xml:230:13-49
	android:label
		ADDED from src\main\AndroidManifest.xml:229:13-35
	android:windowSoftInputMode
		ADDED from src\main\AndroidManifest.xml:232:13-52
	android:configChanges
		ADDED from src\main\AndroidManifest.xml:228:13-83
	android:theme
		ADDED from src\main\AndroidManifest.xml:231:13-44
	android:name
		ADDED from src\main\AndroidManifest.xml:227:13-87
activity#finan.heng.com.apps.app.my.activity.GuizeShuomingActivity
ADDED from src\main\AndroidManifest.xml:234:9-240:55
	android:screenOrientation
		ADDED from src\main\AndroidManifest.xml:238:13-49
	android:label
		ADDED from src\main\AndroidManifest.xml:237:13-33
	android:windowSoftInputMode
		ADDED from src\main\AndroidManifest.xml:240:13-52
	android:configChanges
		ADDED from src\main\AndroidManifest.xml:236:13-83
	android:theme
		ADDED from src\main\AndroidManifest.xml:239:13-44
	android:name
		ADDED from src\main\AndroidManifest.xml:235:13-85
activity#finan.heng.com.apps.app.finance.activity.ProductDetailListActivity
ADDED from src\main\AndroidManifest.xml:243:9-249:55
	android:screenOrientation
		ADDED from src\main\AndroidManifest.xml:247:13-49
	android:label
		ADDED from src\main\AndroidManifest.xml:246:13-36
	android:windowSoftInputMode
		ADDED from src\main\AndroidManifest.xml:249:13-52
	android:configChanges
		ADDED from src\main\AndroidManifest.xml:245:13-83
	android:theme
		ADDED from src\main\AndroidManifest.xml:248:13-44
	android:name
		ADDED from src\main\AndroidManifest.xml:244:13-94
activity#finan.heng.com.apps.app.finance.activity.ProductDetailModifyActivity
ADDED from src\main\AndroidManifest.xml:250:9-256:55
	android:screenOrientation
		ADDED from src\main\AndroidManifest.xml:254:13-49
	android:label
		ADDED from src\main\AndroidManifest.xml:253:13-36
	android:windowSoftInputMode
		ADDED from src\main\AndroidManifest.xml:256:13-52
	android:configChanges
		ADDED from src\main\AndroidManifest.xml:252:13-83
	android:theme
		ADDED from src\main\AndroidManifest.xml:255:13-44
	android:name
		ADDED from src\main\AndroidManifest.xml:251:13-96
activity#finan.heng.com.apps.app.finance.activity.InvestRecordActivity
ADDED from src\main\AndroidManifest.xml:257:9-262:47
	android:screenOrientation
		ADDED from src\main\AndroidManifest.xml:261:13-49
	android:label
		ADDED from src\main\AndroidManifest.xml:260:13-33
	android:configChanges
		ADDED from src\main\AndroidManifest.xml:259:13-83
	android:theme
		ADDED from src\main\AndroidManifest.xml:262:13-44
	android:name
		ADDED from src\main\AndroidManifest.xml:258:13-89
activity#finan.heng.com.apps.app.my.activity.AboutUsActivity
ADDED from src\main\AndroidManifest.xml:264:9-270:55
	android:screenOrientation
		ADDED from src\main\AndroidManifest.xml:268:13-49
	android:label
		ADDED from src\main\AndroidManifest.xml:267:13-33
	android:windowSoftInputMode
		ADDED from src\main\AndroidManifest.xml:270:13-52
	android:configChanges
		ADDED from src\main\AndroidManifest.xml:266:13-83
	android:theme
		ADDED from src\main\AndroidManifest.xml:269:13-44
	android:name
		ADDED from src\main\AndroidManifest.xml:265:13-79
activity#finan.heng.com.apps.app.my.activity.YiJianFanKuiActivity
ADDED from src\main\AndroidManifest.xml:272:9-278:55
	android:screenOrientation
		ADDED from src\main\AndroidManifest.xml:276:13-49
	android:label
		ADDED from src\main\AndroidManifest.xml:275:13-33
	android:windowSoftInputMode
		ADDED from src\main\AndroidManifest.xml:278:13-52
	android:configChanges
		ADDED from src\main\AndroidManifest.xml:274:13-83
	android:theme
		ADDED from src\main\AndroidManifest.xml:277:13-44
	android:name
		ADDED from src\main\AndroidManifest.xml:273:13-84
activity#finan.heng.com.apps.app.finance.activity.PicShowActivity
ADDED from src\main\AndroidManifest.xml:280:9-286:55
	android:screenOrientation
		ADDED from src\main\AndroidManifest.xml:284:13-49
	android:label
		ADDED from src\main\AndroidManifest.xml:283:13-33
	android:windowSoftInputMode
		ADDED from src\main\AndroidManifest.xml:286:13-52
	android:configChanges
		ADDED from src\main\AndroidManifest.xml:282:13-83
	android:theme
		ADDED from src\main\AndroidManifest.xml:285:13-44
	android:name
		ADDED from src\main\AndroidManifest.xml:281:13-84
activity#finan.heng.com.apps.app.finance.activity.BigPicActivity
ADDED from src\main\AndroidManifest.xml:289:9-295:55
	android:screenOrientation
		ADDED from src\main\AndroidManifest.xml:293:13-49
	android:label
		ADDED from src\main\AndroidManifest.xml:292:13-35
	android:windowSoftInputMode
		ADDED from src\main\AndroidManifest.xml:295:13-52
	android:configChanges
		ADDED from src\main\AndroidManifest.xml:291:13-83
	android:theme
		ADDED from src\main\AndroidManifest.xml:294:13-44
	android:name
		ADDED from src\main\AndroidManifest.xml:290:13-83
activity#finan.heng.com.apps.app.my.activity.InviteFriendActivity
ADDED from src\main\AndroidManifest.xml:297:9-303:55
	android:screenOrientation
		ADDED from src\main\AndroidManifest.xml:301:13-49
	android:label
		ADDED from src\main\AndroidManifest.xml:300:13-33
	android:windowSoftInputMode
		ADDED from src\main\AndroidManifest.xml:303:13-52
	android:configChanges
		ADDED from src\main\AndroidManifest.xml:299:13-83
	android:theme
		ADDED from src\main\AndroidManifest.xml:302:13-44
	android:name
		ADDED from src\main\AndroidManifest.xml:298:13-84
activity#finan.heng.com.apps.app.my.activity.InviteHistoryActivity
ADDED from src\main\AndroidManifest.xml:305:9-311:55
	android:screenOrientation
		ADDED from src\main\AndroidManifest.xml:309:13-49
	android:label